[05:47:39] [main/INFO]: Loading Minecraft 1.20.1 with Fabric Loader 0.16.3
[05:47:39] [ForkJoinPool-1-worker-3/WARN]: The mod "openblocks" contains invalid entries in its mod json:
- Unsupported root entry "client" at line 24 column 11
[05:47:39] [ForkJoinPool-1-worker-4/WARN]: Mod wither_spawn_fix uses the version MC1.20.1-1.0.0 which isn't compatible with Loader's extended semantic version format (Could not parse version number component 'MC1'!), SemVer is recommended for reliably evaluating dependencies and prioritizing newer version
[05:47:39] [ForkJoinPool-1-worker-3/WARN]: Mod oceansdelight uses the version fdrf-fabric-1.0.2-1.20 which isn't compatible with Loader's extended semantic version format (Could not parse version number component 'fdrf'!), SemVer is recommended for reliably evaluating dependencies and prioritizing newer version
[05:47:39] [ForkJoinPool-1-worker-1/WARN]: Mod ends_delight uses the version refabricated-1.20.1-2.5 which isn't compatible with Loader's extended semantic version format (Could not parse version number component 'refabricated'!), SemVer is recommended for reliably evaluating dependencies and prioritizing newer version
[05:47:39] [ForkJoinPool-1-worker-4/WARN]: Mod magna uses the version ${version} which isn't compatible with Loader's extended semantic version format (Could not parse version number component '${version}'!), SemVer is recommended for reliably evaluating dependencies and prioritizing newer version
[05:47:39] [ForkJoinPool-1-worker-2/WARN]: Mod netherdepthsupgrade uses the version fabric-3.1.6-1.20 which isn't compatible with Loader's extended semantic version format (Could not parse version number component 'fabric'!), SemVer is recommended for reliably evaluating dependencies and prioritizing newer version
[05:47:39] [ForkJoinPool-1-worker-3/WARN]: The mod "dungeons_arise" contains invalid entries in its mod json:
- Unsupported root entry "credits" at line 12 column 12
[05:47:39] [ForkJoinPool-1-worker-4/WARN]: Mod naturalist uses the version 5.0pre3 which isn't compatible with Loader's extended semantic version format (Could not parse version number component '0pre3'!), SemVer is recommended for reliably evaluating dependencies and prioritizing newer version
[05:47:39] [main/INFO]: Dependencies overridden for smoothgui, create_questing, estrogen, thermoo, prominent, bettertrims, frostiful, chatanimation, copycats
[05:47:40] [main/WARN]: Mod resolution failed
[05:47:40] [main/INFO]: Immediate reason: [HARD_DEP accessories 1.0.0-beta.47+1.20.1 {depends fabric @ [>=0.92.0]}, HARD_DEP_NO_CANDIDATE fabric-api 0.92.6+1.20.1 {depends fabricloader @ [>=0.16.10]}, ROOT_FORCELOAD_SINGLE accessories 1.0.0-beta.47+1.20.1]
[05:47:40] [main/INFO]: Reason: [HARD_DEP fabric-api 0.92.6+1.20.1 {depends fabricloader @ [>=0.16.10]}, HARD_DEP fabric-language-kotlin 1.13.4+kotlin.2.2.0 {depends fabricloader @ [>=0.16.9]}, HARD_DEP buildguide 0.4.5 {depends fabricloader @ [>=0.16.14]}, HARD_DEP crash_assistant 1.9.15 {depends fabricloader @ [>=0.16.9]}, HARD_DEP icarus 2.12.0 {depends fabricloader @ [>=0.16.10]}, HARD_DEP modernfix 5.24.3+mc1.20.1 {depends fabricloader @ [>=0.16.10]}, HARD_DEP philipsruins 5.5 {depends fabricloader @ [>=0.16.14]}, HARD_DEP recipesplitter 1.0-SNAPSHOT {depends fabricloader @ [>=0.16.14]}, HARD_DEP soulsweapons 1.2.4-1.20.1-fabric {depends fabricloader @ [>=0.16.10]}, HARD_DEP fabric-object-builder-api-v1 11.1.5+e35120df77 {depends fabricloader @ [>=0.16.10]}]
[05:47:40] [main/INFO]: SERVER environment disabled: [fabric-renderer-api-v1, fabric-model-loading-api-v1, fabric-keybindings-v0, modmenu, fabric-client-tags-api-v1, fabric-screen-api-v1, fabric-renderer-indigo, fabric-blockrenderlayer-v1, fabric-renderer-registries-v1, fabric-models-v0, flywheel, fabric-rendering-v0, fabric-sound-api-v1, fabric-key-binding-api-v1, fabric-rendering-v1, noindium, spruceui]
[05:47:40] [main/INFO]: Fix: add [], remove [], replace [[fabricloader 0.16.3] -> add:fabricloader 0.16.14 ([[0.16.14,∞)])]
[05:47:40] [main/ERROR]: Incompatible mods found!
net.fabricmc.loader.impl.FormattedException: Some of your mods are incompatible with the game or each other!
A potential solution has been determined, this may resolve your problem:
	 - Replace mod 'Fabric Loader' (fabricloader) 0.16.3 with version 0.16.14 or later.
More details:
	 - Mod 'Fabric API' (fabric-api) 0.92.6+1.20.1 requires version 0.16.10 or later of mod 'Fabric Loader' (fabricloader), but only the wrong version is present: 0.16.3!
	 - Mod 'Fabric Language Kotlin' (fabric-language-kotlin) 1.13.4+kotlin.2.2.0 requires version 0.16.9 or later of mod 'Fabric Loader' (fabricloader), but only the wrong version is present: 0.16.3!
	 - Mod 'Build Guide' (buildguide) 0.4.5 requires version 0.16.14 or later of mod 'Fabric Loader' (fabricloader), but only the wrong version is present: 0.16.3!
	 - Mod 'Crash Assistant' (crash_assistant) 1.9.15 requires version 0.16.9 or later of mod 'Fabric Loader' (fabricloader), but only the wrong version is present: 0.16.3!
	 - Mod 'Icarus' (icarus) 2.12.0 requires version 0.16.10 or later of mod 'Fabric Loader' (fabricloader), but only the wrong version is present: 0.16.3!
	 - Mod 'ModernFix' (modernfix) 5.24.3+mc1.20.1 requires version 0.16.10 or later of mod 'Fabric Loader' (fabricloader), but only the wrong version is present: 0.16.3!
	 - Mod 'Philip`s Ruins' (philipsruins) 5.5 requires version 0.16.14 or later of mod 'Fabric Loader' (fabricloader), but only the wrong version is present: 0.16.3!
	 - Mod 'RecipeSplitter' (recipesplitter) 1.0-SNAPSHOT requires version 0.16.14 or later of mod 'Fabric Loader' (fabricloader), but only the wrong version is present: 0.16.3!
	 - Mod 'Marium's Soulslike Weaponry' (soulsweapons) 1.2.4-1.20.1-fabric requires version 0.16.10 or later of mod 'Fabric Loader' (fabricloader), but only the wrong version is present: 0.16.3!
	 - Mod 'Fabric Object Builder API (v1)' (fabric-object-builder-api-v1) 11.1.5+e35120df77 requires version 0.16.10 or later of mod 'Fabric Loader' (fabricloader), but only the wrong version is present: 0.16.3!
	at net.fabricmc.loader.impl.FormattedException.ofLocalized(FormattedException.java:51) ~[fabric-loader-0.16.3.jar:?]
	at net.fabricmc.loader.impl.FabricLoaderImpl.load(FabricLoaderImpl.java:196) ~[fabric-loader-0.16.3.jar:?]
	at net.fabricmc.loader.impl.launch.knot.Knot.init(Knot.java:146) ~[fabric-loader-0.16.3.jar:?]
	at net.fabricmc.loader.impl.launch.knot.Knot.launch(Knot.java:68) ~[fabric-loader-0.16.3.jar:?]
	at net.fabricmc.loader.impl.launch.knot.KnotServer.main(KnotServer.java:23) ~[fabric-loader-0.16.3.jar:?]
	at net.fabricmc.loader.impl.launch.server.FabricServerLauncher.main(FabricServerLauncher.java:69) ~[fabric-loader-0.16.3.jar:?]
	at net.fabricmc.installer.ServerLauncher.main(ServerLauncher.java:69) ~[fabric-server-launch.jar:1.0.1]
